Build started 10/31/2015 8:18:14 AM.
     1>Project "D:\visual studio2013 works\AI Task\AI Task\AI Task.vcxproj" on node 2 (Build target(s)).
     1>C:\Program Files\MSBuild\Microsoft.Cpp\v4.0\V120\Microsoft.CppBuild.targets(388,5): warning MSB8028: The intermediate directory (Debug\) contains files shared from another project (AI Task.vcxproj).  This can lead to incorrect clean and rebuild behavior.
     1>ClCompile:
         C:\Program Files\Microsoft Visual Studio 12.0\VC\bin\CL.exe /c /ZI /nologo /W3 /WX- /Od /Oy- /D WIN32 /D _DEBUG /D _CONSOLE /D _UNICODE /D UNICODE /Gm /EHsc /RTC1 /MDd /GS /fp:precise /Zc:wchar_t /Zc:forScope /Fo"Debug\\" /Fd"Debug\vc120.pdb" /FR"Debug\\" /Gd /TP /analyze- /errorReport:prompt "Phone Book management system.cpp"
         Phone Book management system.cpp
     1>d:\visual studio2013 works\ai task\ai task\phone book management system.cpp(60): warning C4996: 'scanf': This function or variable may be unsafe. Consider using scanf_s instead. To disable deprecation, use _CRT_SECURE_NO_WARNINGS. See online help for details.
                 c:\program files\microsoft visual studio 12.0\vc\include\stdio.h(283) : see declaration of 'scanf'
     1>d:\visual studio2013 works\ai task\ai task\phone book management system.cpp(61): warning C4996: 'strcmpi': The POSIX name for this item is deprecated. Instead, use the ISO C++ conformant name: _strcmpi. See online help for details.
                 c:\program files\microsoft visual studio 12.0\vc\include\string.h(252) : see declaration of 'strcmpi'
     1>d:\visual studio2013 works\ai task\ai task\phone book management system.cpp(64): warning C4996: 'getch': The POSIX name for this item is deprecated. Instead, use the ISO C++ conformant name: _getch. See online help for details.
                 c:\program files\microsoft visual studio 12.0\vc\include\conio.h(131) : see declaration of 'getch'
     1>d:\visual studio2013 works\ai task\ai task\phone book management system.cpp(84): warning C4996: 'getch': The POSIX name for this item is deprecated. Instead, use the ISO C++ conformant name: _getch. See online help for details.
                 c:\program files\microsoft visual studio 12.0\vc\include\conio.h(131) : see declaration of 'getch'
     1>d:\visual studio2013 works\ai task\ai task\phone book management system.cpp(104): warning C4996: 'getch': The POSIX name for this item is deprecated. Instead, use the ISO C++ conformant name: _getch. See online help for details.
                 c:\program files\microsoft visual studio 12.0\vc\include\conio.h(131) : see declaration of 'getch'
     1>d:\visual studio2013 works\ai task\ai task\phone book management system.cpp(115): warning C4996: 'fopen': This function or variable may be unsafe. Consider using fopen_s instead. To disable deprecation, use _CRT_SECURE_NO_WARNINGS. See online help for details.
                 c:\program files\microsoft visual studio 12.0\vc\include\stdio.h(211) : see declaration of 'fopen'
     1>d:\visual studio2013 works\ai task\ai task\phone book management system.cpp(125): warning C4996: 'scanf': This function or variable may be unsafe. Consider using scanf_s instead. To disable deprecation, use _CRT_SECURE_NO_WARNINGS. See online help for details.
                 c:\program files\microsoft visual studio 12.0\vc\include\stdio.h(283) : see declaration of 'scanf'
     1>d:\visual studio2013 works\ai task\ai task\phone book management system.cpp(141): warning C4996: 'getch': The POSIX name for this item is deprecated. Instead, use the ISO C++ conformant name: _getch. See online help for details.
                 c:\program files\microsoft visual studio 12.0\vc\include\conio.h(131) : see declaration of 'getch'
     1>d:\visual studio2013 works\ai task\ai task\phone book management system.cpp(149): warning C4996: 'fopen': This function or variable may be unsafe. Consider using fopen_s instead. To disable deprecation, use _CRT_SECURE_NO_WARNINGS. See online help for details.
                 c:\program files\microsoft visual studio 12.0\vc\include\stdio.h(211) : see declaration of 'fopen'
     1>d:\visual studio2013 works\ai task\ai task\phone book management system.cpp(161): warning C4996: 'getch': The POSIX name for this item is deprecated. Instead, use the ISO C++ conformant name: _getch. See online help for details.
                 c:\program files\microsoft visual studio 12.0\vc\include\conio.h(131) : see declaration of 'getch'
     1>d:\visual studio2013 works\ai task\ai task\phone book management system.cpp(166): warning C4996: 'getch': The POSIX name for this item is deprecated. Instead, use the ISO C++ conformant name: _getch. See online help for details.
                 c:\program files\microsoft visual studio 12.0\vc\include\conio.h(131) : see declaration of 'getch'
     1>d:\visual studio2013 works\ai task\ai task\phone book management system.cpp(176): warning C4996: 'fopen': This function or variable may be unsafe. Consider using fopen_s instead. To disable deprecation, use _CRT_SECURE_NO_WARNINGS. See online help for details.
                 c:\program files\microsoft visual studio 12.0\vc\include\stdio.h(211) : see declaration of 'fopen'
     1>d:\visual studio2013 works\ai task\ai task\phone book management system.cpp(199): warning C4996: 'getch': The POSIX name for this item is deprecated. Instead, use the ISO C++ conformant name: _getch. See online help for details.
                 c:\program files\microsoft visual studio 12.0\vc\include\conio.h(131) : see declaration of 'getch'
     1>d:\visual studio2013 works\ai task\ai task\phone book management system.cpp(209): warning C4996: 'fopen': This function or variable may be unsafe. Consider using fopen_s instead. To disable deprecation, use _CRT_SECURE_NO_WARNINGS. See online help for details.
                 c:\program files\microsoft visual studio 12.0\vc\include\stdio.h(211) : see declaration of 'fopen'
     1>d:\visual studio2013 works\ai task\ai task\phone book management system.cpp(218): warning C4996: 'fopen': This function or variable may be unsafe. Consider using fopen_s instead. To disable deprecation, use _CRT_SECURE_NO_WARNINGS. See online help for details.
                 c:\program files\microsoft visual studio 12.0\vc\include\stdio.h(211) : see declaration of 'fopen'
     1>d:\visual studio2013 works\ai task\ai task\phone book management system.cpp(256): warning C4996: 'getch': The POSIX name for this item is deprecated. Instead, use the ISO C++ conformant name: _getch. See online help for details.
                 c:\program files\microsoft visual studio 12.0\vc\include\conio.h(131) : see declaration of 'getch'
     1>d:\visual studio2013 works\ai task\ai task\phone book management system.cpp(267): warning C4996: 'fopen': This function or variable may be unsafe. Consider using fopen_s instead. To disable deprecation, use _CRT_SECURE_NO_WARNINGS. See online help for details.
                 c:\program files\microsoft visual studio 12.0\vc\include\stdio.h(211) : see declaration of 'fopen'
     1>d:\visual studio2013 works\ai task\ai task\phone book management system.cpp(295): warning C4996: 'scanf': This function or variable may be unsafe. Consider using scanf_s instead. To disable deprecation, use _CRT_SECURE_NO_WARNINGS. See online help for details.
                 c:\program files\microsoft visual studio 12.0\vc\include\stdio.h(283) : see declaration of 'scanf'
     1>d:\visual studio2013 works\ai task\ai task\phone book management system.cpp(324): warning C4996: 'getch': The POSIX name for this item is deprecated. Instead, use the ISO C++ conformant name: _getch. See online help for details.
                 c:\program files\microsoft visual studio 12.0\vc\include\conio.h(131) : see declaration of 'getch'
     1>d:\visual studio2013 works\ai task\ai task\phone book management system.cpp(262): warning C4101: 'c' : unreferenced local variable
     1>d:\visual studio2013 works\ai task\ai task\phone book management system.cpp(336): warning C4996: 'getch': The POSIX name for this item is deprecated. Instead, use the ISO C++ conformant name: _getch. See online help for details.
                 c:\program files\microsoft visual studio 12.0\vc\include\conio.h(131) : see declaration of 'getch'
     1>d:\visual studio2013 works\ai task\ai task\phone book management system.cpp(340): warning C4996: 'putch': The POSIX name for this item is deprecated. Instead, use the ISO C++ conformant name: _putch. See online help for details.
                 c:\program files\microsoft visual studio 12.0\vc\include\conio.h(139) : see declaration of 'putch'
     1>d:\visual studio2013 works\ai task\ai task\phone book management system.cpp(354): warning C4996: 'putch': The POSIX name for this item is deprecated. Instead, use the ISO C++ conformant name: _putch. See online help for details.
                 c:\program files\microsoft visual studio 12.0\vc\include\conio.h(139) : see declaration of 'putch'
     1>d:\visual studio2013 works\ai task\ai task\phone book management system.cpp(70): warning C4717: 'passw' : recursive on all control paths, function will cause runtime stack overflow
       Link:
         C:\Program Files\Microsoft Visual Studio 12.0\VC\bin\link.exe /ERRORREPORT:PROMPT /OUT:"D:\visual studio2013 works\AI Task\Debug\sujon.exe" /INCREMENTAL /NOLOGO kernel32.lib user32.lib gdi32.lib winspool.lib comdlg32.lib advapi32.lib shell32.lib ole32.lib oleaut32.lib uuid.lib odbc32.lib odbccp32.lib /MANIFEST /MANIFESTUAC:"level='asInvoker' uiAccess='false'" /manifest:embed /DEBUG /PDB:"D:\visual studio2013 works\AI Task\Debug\sujon.pdb" /SUBSYSTEM:CONSOLE /TLBID:1 /DYNAMICBASE /NXCOMPAT /IMPLIB:"D:\visual studio2013 works\AI Task\Debug\sujon.lib" /MACHINE:X86 /SAFESEH "Debug\Phone Book management system.obj"
         AI Task.vcxproj -> D:\visual studio2013 works\AI Task\Debug\sujon.exe
       BscMake:
         C:\Program Files\Microsoft Visual Studio 12.0\VC\bin\bscmake.exe /nologo /o"D:\visual studio2013 works\AI Task\Debug\sujon.bsc" /n "Debug\Phone Book management system.sbr"
     1>Done Building Project "D:\visual studio2013 works\AI Task\AI Task\AI Task.vcxproj" (Build target(s)).

Build succeeded.

Time Elapsed 00:00:02.94
