Build started 9/2/2014 9:56:58 AM.
     1>Project "D:\visual studio2013 works\AnilSirFile IO\ConsoleApplication1\ConsoleApplication1\ConsoleApplication1.vcxproj" on node 2 (Build target(s)).
     1>ClCompile:
         C:\Program Files\Microsoft Visual Studio 12.0\VC\bin\CL.exe /c /ZI /nologo /W3 /WX- /sdl /Od /Oy- /D WIN32 /D _DEBUG /D _CONSOLE /D _LIB /D _UNICODE /D UNICODE /D _CRT_SECURE_NO_WARNINGS /Gm /EHsc /RTC1 /MDd /GS /fp:precise /Zc:wchar_t /Zc:forScope /Yu"stdafx.h" /Fp"Debug\ConsoleApplication1.pch" /Fo"Debug\\" /Fd"Debug\vc120.pdb" /Gd /TP /analyze- /errorReport:prompt ConsoleApplication1.cpp
         ConsoleApplication1.cpp
     1>d:\visual studio2013 works\anilsirfile io\consoleapplication1\consoleapplication1\consoleapplication1.cpp(40): warning C4101: 'i' : unreferenced local variable
     1>d:\visual studio2013 works\anilsirfile io\consoleapplication1\consoleapplication1\consoleapplication1.cpp(33): warning C4101: 'newch' : unreferenced local variable
     1>d:\visual studio2013 works\anilsirfile io\consoleapplication1\consoleapplication1\consoleapplication1.cpp(32): warning C4101: 'scan' : unreferenced local variable
     1>d:\visual studio2013 works\anilsirfile io\consoleapplication1\consoleapplication1\consoleapplication1.cpp(34): warning C4101: 'G' : unreferenced local variable
     1>d:\visual studio2013 works\anilsirfile io\consoleapplication1\consoleapplication1\consoleapplication1.cpp(28): warning C4101: 'str' : unreferenced local variable
     1>d:\visual studio2013 works\anilsirfile io\consoleapplication1\consoleapplication1\consoleapplication1.cpp(622): warning C4244: '+=' : conversion from 'double' to 'int', possible loss of data
     1>d:\visual studio2013 works\anilsirfile io\consoleapplication1\consoleapplication1\consoleapplication1.cpp(624): warning C4244: '+=' : conversion from 'double' to 'int', possible loss of data
     1>d:\visual studio2013 works\anilsirfile io\consoleapplication1\consoleapplication1\consoleapplication1.cpp(626): warning C4244: '+=' : conversion from 'double' to 'int', possible loss of data
       Link:
         C:\Program Files\Microsoft Visual Studio 12.0\VC\bin\link.exe /ERRORREPORT:PROMPT /OUT:"D:\visual studio2013 works\AnilSirFile IO\ConsoleApplication1\Debug\ConsoleApplication1.exe" /INCREMENTAL /NOLOGO kernel32.lib user32.lib gdi32.lib winspool.lib comdlg32.lib advapi32.lib shell32.lib ole32.lib oleaut32.lib uuid.lib odbc32.lib odbccp32.lib /MANIFEST /MANIFESTUAC:"level='asInvoker' uiAccess='false'" /manifest:embed /DEBUG /PDB:"D:\visual studio2013 works\AnilSirFile IO\ConsoleApplication1\Debug\ConsoleApplication1.pdb" /SUBSYSTEM:CONSOLE /TLBID:1 /DYNAMICBASE /NXCOMPAT /IMPLIB:"D:\visual studio2013 works\AnilSirFile IO\ConsoleApplication1\Debug\ConsoleApplication1.lib" /MACHINE:X86 Debug\ConsoleApplication1.obj
         Debug\stdafx.obj
         ConsoleApplication1.vcxproj -> D:\visual studio2013 works\AnilSirFile IO\ConsoleApplication1\Debug\ConsoleApplication1.exe
     1>Done Building Project "D:\visual studio2013 works\AnilSirFile IO\ConsoleApplication1\ConsoleApplication1\ConsoleApplication1.vcxproj" (Build target(s)).

Build succeeded.

Time Elapsed 00:00:00.60
