c:\users\arefin\documents\visual studio 2013\projects\consoleapplication1\debug\tree in visual studio.pch
c:\users\arefin\documents\visual studio 2013\projects\consoleapplication1\debug\vc120.pdb
c:\users\arefin\documents\visual studio 2013\projects\consoleapplication1\debug\vc120.idb
c:\users\arefin\documents\visual studio 2013\projects\consoleapplication1\debug\stdafx.obj
c:\users\arefin\documents\visual studio 2013\projects\consoleapplication1\debug\infix to prefin.obj
d:\visual studio2013 works\consoleapplication 2 tree\debug\tree in visual studio.pch
d:\visual studio2013 works\consoleapplication 2 tree\debug\vc120.pdb
d:\visual studio2013 works\consoleapplication 2 tree\debug\vc120.idb
d:\visual studio2013 works\consoleapplication 2 tree\debug\stdafx.obj
d:\visual studio2013 works\consoleapplication 2 tree\debug\infix to prefin.obj
d:\visual studio2013 works\consoleapplication 2 tree\debug\updated lexer 2.obj
c:\users\arefin\documents\visual studio 2013\projects\consoleapplication1\debug\tree in visual studio.ilk
c:\users\arefin\documents\visual studio 2013\projects\consoleapplication1\debug\tree in visual studio.exe
c:\users\arefin\documents\visual studio 2013\projects\consoleapplication1\debug\tree in visual studio.pdb
d:\visual studio2013 works\consoleapplication 2 tree\debug\tree in visual studio.ilk
d:\visual studio2013 works\consoleapplication 2 tree\debug\tree in visual studio.exe
d:\visual studio2013 works\consoleapplication 2 tree\debug\tree in visual studio.pdb
d:\visual studio2013 works\consoleapplication 2 tree\debug\array2d.obj
d:\visual studio2013 works\consoleapplication 2 tree\debug\bfs.obj
d:\visual studio2013 works\consoleapplication 2 tree\debug\consoleapplication1.obj
d:\visual studio2013 works\consoleapplication 2 tree\debug\depth first search.obj
d:\visual studio2013 works\consoleapplication 2 tree\debug\dfs.obj
d:\visual studio2013 works\consoleapplication 2 tree\debug\dynamic pointer.obj
d:\visual studio2013 works\consoleapplication 2 tree\debug\lexer for mou.obj
d:\visual studio2013 works\consoleapplication 2 tree\debug\lexer.obj
d:\visual studio2013 works\consoleapplication 2 tree\debug\lexer2.obj
d:\visual studio2013 works\consoleapplication 2 tree\debug\lexer3.obj
d:\visual studio2013 works\consoleapplication 2 tree\debug\multiple indirection with pointer.obj
d:\visual studio2013 works\consoleapplication 2 tree\debug\multiple indirection.obj
d:\visual studio2013 works\consoleapplication 2 tree\debug\pointer operation valid invalid.obj
d:\visual studio2013 works\consoleapplication 2 tree\debug\recursion.obj
d:\visual studio2013 works\consoleapplication 2 tree\debug\sharif.obj
d:\visual studio2013 works\consoleapplication 2 tree\debug\vs doubly link list.obj
d:\visual studio2013 works\consoleapplication 2 tree\debug\consoleapplication1.ilk
d:\visual studio2013 works\consoleapplication 2 tree\debug\consoleapplication1.pch
d:\visual studio2013 works\consoleapplication 2 tree\debug\consoleapplication1.pdb
d:\visual studio2013 works\consoleapplication 2 tree\debug\tree in .e78e200d.tlog\cl.command.1.tlog
d:\visual studio2013 works\consoleapplication 2 tree\debug\tree in .e78e200d.tlog\cl.read.1.tlog
d:\visual studio2013 works\consoleapplication 2 tree\debug\tree in .e78e200d.tlog\cl.write.1.tlog
d:\visual studio2013 works\consoleapplication 2 tree\debug\tree in .e78e200d.tlog\link.command.1.tlog
d:\visual studio2013 works\consoleapplication 2 tree\debug\tree in .e78e200d.tlog\link.read.1.tlog
d:\visual studio2013 works\consoleapplication 2 tree\debug\tree in .e78e200d.tlog\link.write.1.tlog
